INFO: MineTweaker: Building registry
INFO: MineTweaker: Sucessfully built item registry
INFO: Adding command minetweaker
INFO: Adding minetweaker command tooltips
INFO: 
INFO: Adding minetweaker command randomthings
INFO: Adding minetweaker command materials
INFO: Adding minetweaker command modifiers
INFO: Adding minetweaker command tconstruct
INFO: Adding minetweaker command chiselGroups
INFO: Adding minetweaker command chiselVariations
INFO: Adding Alumina Ore to ore dictionary entry oreAluminium
INFO: Adding Alumina Ore to ore dictionary entry oreAluminum
INFO: Removing Alumina Ore from ore dictionary entry oreAlumina
INFO: Setting localization for the key: tile.substratum.oreAlumina.name to Aluminum Ore
INFO: Setting localization for the key: tile.substratum.oreAlumina.name to Aluminium Ore
INFO: Adding 1 Forestry Squeezer Recipe(s) for <liquid:seed.oil> * 5
INFO: Adding 1 Forestry Squeezer Recipe(s) for <liquid:seed.oil> * 5
INFO: Adding 1 Forestry Squeezer Recipe(s) for <liquid:seed.oil> * 5
INFO: Adding 1 Forestry Squeezer Recipe(s) for <liquid:seed.oil> * 5
INFO: Adding 1 Forestry Squeezer Recipe(s) for <liquid:seed.oil> * 5
INFO: Adding 1 Forestry Squeezer Recipe(s) for <liquid:seed.oil> * 5
INFO: Adding 1 Forestry Squeezer Recipe(s) for <liquid:seed.oil> * 5
INFO: Adding 1 Forestry Squeezer Recipe(s) for <liquid:seed.oil> * 5
INFO: Adding 1 Forestry Squeezer Recipe(s) for <liquid:seed.oil> * 5
INFO: Adding 1 Forestry Squeezer Recipe(s) for <liquid:seed.oil> * 5
INFO: Adding 1 Forestry Squeezer Recipe(s) for <liquid:seed.oil> * 5
INFO: Adding 1 Forestry Squeezer Recipe(s) for <liquid:seed.oil> * 5
INFO: Adding 1 Forestry Squeezer Recipe(s) for <liquid:seed.oil> * 5
INFO: Adding 1 Forestry Squeezer Recipe(s) for <liquid:seed.oil> * 5
INFO: Adding 1 Forestry Squeezer Recipe(s) for <liquid:seed.oil> * 5
INFO: Adding 1 Forestry Squeezer Recipe(s) for <liquid:seed.oil> * 5
INFO: Adding 1 Forestry Squeezer Recipe(s) for <liquid:seed.oil> * 5
INFO: Adding 1 Forestry Squeezer Recipe(s) for <liquid:seed.oil> * 5
INFO: Adding 1 Forestry Squeezer Recipe(s) for <liquid:seed.oil> * 5
INFO: Adding 1 Forestry Squeezer Recipe(s) for <liquid:seed.oil> * 5
INFO: Adding 1 Forestry Squeezer Recipe(s) for <liquid:seed.oil> * 5
INFO: Adding 1 Forestry Squeezer Recipe(s) for <liquid:seed.oil> * 5
INFO: Adding 1 Forestry Squeezer Recipe(s) for <liquid:seed.oil> * 5
INFO: Adding 1 Forestry Squeezer Recipe(s) for <liquid:seed.oil> * 5
INFO: Adding 1 Forestry Squeezer Recipe(s) for <liquid:seed.oil> * 5
INFO: Adding 1 Forestry Squeezer Recipe(s) for <liquid:seed.oil> * 5
INFO: Adding 1 Forestry Squeezer Recipe(s) for <liquid:seed.oil> * 5
INFO: Adding 1 Forestry Squeezer Recipe(s) for <liquid:seed.oil> * 5
INFO: Adding 1 Forestry Squeezer Recipe(s) for <liquid:seed.oil> * 5
INFO: Adding 1 Forestry Squeezer Recipe(s) for <liquid:seed.oil> * 5
INFO: Adding 1 Forestry Squeezer Recipe(s) for <liquid:seed.oil> * 5
INFO: Adding 1 Forestry Squeezer Recipe(s) for <liquid:seed.oil> * 5
INFO: Adding 1 Forestry Squeezer Recipe(s) for <liquid:seed.oil> * 5
INFO: Adding 1 Forestry Squeezer Recipe(s) for <liquid:seed.oil> * 5
INFO: Adding 1 Forestry Squeezer Recipe(s) for <liquid:seed.oil> * 5
INFO: Adding 1 Forestry Squeezer Recipe(s) for <liquid:seed.oil> * 5
INFO: Adding 1 Forestry Squeezer Recipe(s) for <liquid:seed.oil> * 5
INFO: Adding 1 Forestry Squeezer Recipe(s) for <liquid:seed.oil> * 5
INFO: Adding 1 Forestry Squeezer Recipe(s) for <liquid:seed.oil> * 5
INFO: Adding 1 Forestry Squeezer Recipe(s) for <liquid:seed.oil> * 5
INFO: Adding 1 Forestry Squeezer Recipe(s) for <liquid:seed.oil> * 5
INFO: Adding 1 Forestry Squeezer Recipe(s) for <liquid:seed.oil> * 5
INFO: Adding 1 Forestry Squeezer Recipe(s) for <liquid:seed.oil> * 5
INFO: Adding 1 Forestry Squeezer Recipe(s) for <liquid:seed.oil> * 5
INFO: Adding 1 Forestry Squeezer Recipe(s) for <liquid:seed.oil> * 5
INFO: Adding 1 Forestry Squeezer Recipe(s) for <liquid:seed.oil> * 5
INFO: Adding 1 Forestry Squeezer Recipe(s) for <liquid:seed.oil> * 5
INFO: Adding 1 Forestry Squeezer Recipe(s) for <liquid:seed.oil> * 5
INFO: Adding 1 Forestry Squeezer Recipe(s) for <liquid:seed.oil> * 5
INFO: Adding 1 Forestry Squeezer Recipe(s) for <liquid:seed.oil> * 5
INFO: Adding 1 Forestry Squeezer Recipe(s) for <liquid:seed.oil> * 5
INFO: Adding 1 Forestry Squeezer Recipe(s) for <liquid:seed.oil> * 5
INFO: Adding 1 Forestry Squeezer Recipe(s) for <liquid:seed.oil> * 5
INFO: Adding 1 Forestry Squeezer Recipe(s) for <liquid:seed.oil> * 5
INFO: Adding 1 Forestry Squeezer Recipe(s) for <liquid:seed.oil> * 5
INFO: Adding 1 Forestry Squeezer Recipe(s) for <liquid:seed.oil> * 5
INFO: Adding 1 Forestry Squeezer Recipe(s) for <liquid:seed.oil> * 5
INFO: Adding 1 Forestry Squeezer Recipe(s) for <liquid:seed.oil> * 5
INFO: Adding 1 Forestry Squeezer Recipe(s) for <liquid:seed.oil> * 5
INFO: Adding 1 Forestry Squeezer Recipe(s) for <liquid:seed.oil> * 5
INFO: Adding 1 Forestry Squeezer Recipe(s) for <liquid:seed.oil> * 5
INFO: Adding Limestone to ore dictionary entry blockLimestone
INFO: Adding Polished Limestone to ore dictionary entry blockLimestone
INFO: Adding Limestone to ore dictionary entry blockLimestone
INFO: Adding Limestone Cobble to ore dictionary entry blockLimestoneCobble
INFO: Adding Limestone to ore dictionary entry blockLimestoneCobble
INFO: Adding Polished Limestone to ore dictionary entry blockLimestoneCobble
INFO: Copying contents of ore dictionary entry dustSalt to itemSalt
INFO: Copying contents of ore dictionary entry dustSalt to foodSalt
INFO: Removing 1 furnace recipes
INFO: Removing 1 furnace recipes
INFO: Adding furnace recipe for <ore:blockLimestone>
INFO: Adding furnace recipe for <ore:blockLimestoneCobble>
INFO: Removing 1 recipes
INFO: Removing 1 recipes
INFO: Adding recipe for Electric Helmet
INFO: Removing 1 recipes
INFO: 
INFO: 
INFO: 
INFO: 
INFO: 
INFO: 
INFO: 
INFO: 
