[22:14:12] [Server thread/INFO]: Starting minecraft server version 1.10.2
[22:15:20] [Server thread/INFO]: Loading properties
[22:15:20] [Server thread/INFO]: Default game type: SURVIVAL
[22:15:20] [Server thread/INFO]: Generating keypair
[22:15:20] [Server thread/INFO]: Starting Minecraft server on *:25565
[22:15:20] [Server thread/INFO]: Using default channel type
[22:15:36] [Server thread/INFO]: Preparing level "world"
[22:15:37] [Server thread/WARN]: Couldn't find resource table railcraft:chests/village_workshop
[22:15:38] [Server thread/INFO]: Preparing start region for level 0
[22:15:40] [Server thread/INFO]: Preparing spawn area: 4%
[22:15:42] [Server thread/INFO]: Preparing spawn area: 6%
[22:15:43] [Server thread/INFO]: Preparing spawn area: 10%
[22:15:44] [Server thread/INFO]: Preparing spawn area: 14%
[22:15:45] [Server thread/INFO]: Preparing spawn area: 20%
[22:15:46] [Server thread/INFO]: Preparing spawn area: 28%
[22:15:47] [Server thread/INFO]: Preparing spawn area: 34%
[22:15:48] [Server thread/INFO]: Preparing spawn area: 42%
[22:15:49] [Server thread/INFO]: Preparing spawn area: 49%
[22:15:50] [Server thread/INFO]: Preparing spawn area: 58%
[22:15:51] [Server thread/INFO]: Preparing spawn area: 67%
[22:15:54] [Server thread/INFO]: Preparing spawn area: 72%
[22:15:55] [Server thread/INFO]: Preparing spawn area: 89%
[22:15:56] [Server thread/INFO]: Done (20.137s)! For help, type "help" or "?"
[22:15:57] [Server thread/INFO]: FTBLib: Server reloaded in 16ms
[22:16:02] [Server thread/WARN]: Can't keep up! Did the system time change, or is the server overloaded? Running 3606ms behind, skipping 72 tick(s)
